d:\breakout\breakout_project\breakout_project\x64\debug\vc143.pdb
d:\breakout\breakout_project\breakout_project\x64\debug\vc143.idb
d:\breakout\breakout_project\breakout_project\x64\debug\texture.obj
d:\breakout\breakout_project\breakout_project\x64\debug\game.obj
d:\breakout\breakout_project\breakout_project\x64\debug\main.obj
d:\breakout\breakout_project\breakout_project\x64\debug\shader.obj
d:\breakout\breakout_project\breakout_project\x64\debug\glad.obj
d:\breakout\breakout_project\breakout_project\x64\debug\sprite.obj
d:\breakout\breakout_project\breakout_project\x64\debug\resource.obj
d:\breakout\breakout_project\x64\debug\breakout_project.exe
d:\breakout\breakout_project\x64\debug\breakout_project.pdb
d:\breakout\breakout_project\breakout_project\x64\debug\breakout_project.ilk
d:\breakout\breakout_project\breakout_project\x64\debug\breakout_project.tlog\cl.command.1.tlog
d:\breakout\breakout_project\breakout_project\x64\debug\breakout_project.tlog\cl.items.tlog
d:\breakout\breakout_project\breakout_project\x64\debug\breakout_project.tlog\cl.read.1.tlog
d:\breakout\breakout_project\breakout_project\x64\debug\breakout_project.tlog\cl.write.1.tlog
d:\breakout\breakout_project\breakout_project\x64\debug\breakout_project.tlog\link.1440-cvtres.read.1.tlog
d:\breakout\breakout_project\breakout_project\x64\debug\breakout_project.tlog\link.1440-cvtres.write.1.tlog
d:\breakout\breakout_project\breakout_project\x64\debug\breakout_project.tlog\link.1440-rc.read.1.tlog
d:\breakout\breakout_project\breakout_project\x64\debug\breakout_project.tlog\link.1440-rc.write.1.tlog
d:\breakout\breakout_project\breakout_project\x64\debug\breakout_project.tlog\link.1440.read.1.tlog
d:\breakout\breakout_project\breakout_project\x64\debug\breakout_project.tlog\link.1440.read.2.tlog
d:\breakout\breakout_project\breakout_project\x64\debug\breakout_project.tlog\link.1440.write.1.tlog
d:\breakout\breakout_project\breakout_project\x64\debug\breakout_project.tlog\link.command.1.tlog
d:\breakout\breakout_project\breakout_project\x64\debug\breakout_project.tlog\link.read.1.tlog
d:\breakout\breakout_project\breakout_project\x64\debug\breakout_project.tlog\link.secondary.1.tlog
d:\breakout\breakout_project\breakout_project\x64\debug\breakout_project.tlog\link.write.1.tlog
